============================= test session starts =============================
platform win32 -- Python 3.11.0, pytest-8.3.5, pluggy-1.5.0
rootdir: C:\Users\Neti\Documents\GitHub\BLG475E-Phase1
plugins: anyio-3.6.2
collected 39 items

user_tests\deepseek_coder_v2_lite_instruct\moderate\test_human_eval_107.py . [  2%]
..                                                                       [  7%]
user_tests\deepseek_coder_v2_lite_instruct\moderate\test_human_eval_115.py . [ 10%]
...                                                                      [ 17%]
user_tests\deepseek_coder_v2_lite_instruct\moderate\test_human_eval_13.py . [ 20%]
...                                                                      [ 28%]
user_tests\deepseek_coder_v2_lite_instruct\moderate\test_human_eval_132.py . [ 30%]
.FF.                                                                     [ 41%]
user_tests\deepseek_coder_v2_lite_instruct\moderate\test_human_eval_148.py . [ 43%]
...                                                                      [ 51%]
user_tests\deepseek_coder_v2_lite_instruct\moderate\test_human_eval_21.py . [ 53%]
..                                                                       [ 58%]
user_tests\deepseek_coder_v2_lite_instruct\moderate\test_human_eval_36.py . [ 61%]
...                                                                      [ 69%]
user_tests\deepseek_coder_v2_lite_instruct\moderate\test_human_eval_51.py . [ 71%]
...                                                                      [ 79%]
user_tests\deepseek_coder_v2_lite_instruct\moderate\test_human_eval_68.py . [ 82%]
...                                                                      [ 89%]
user_tests\deepseek_coder_v2_lite_instruct\moderate\test_human_eval_75.py . [ 92%]
...                                                                      [100%]

================================== FAILURES ===================================
________________________ TestIsNested.test_edge_cases _________________________

self = <test_human_eval_132.TestIsNested testMethod=test_edge_cases>

    def test_edge_cases(self):
        self.assertFalse(is_nested(''))
>       self.assertFalse(is_nested('[[[[[[[[') == False)
E       AssertionError: True is not false

user_tests\deepseek_coder_v2_lite_instruct\moderate\test_human_eval_132.py:37: AssertionError
_______________________ TestIsNested.test_simple_cases ________________________

self = <test_human_eval_132.TestIsNested testMethod=test_simple_cases>

    def test_simple_cases(self):
        self.assertTrue(is_nested('[[]]'))
>       self.assertFalse(is_nested('[]]]]]]][[[[[]'))
E       AssertionError: True is not false

user_tests\deepseek_coder_v2_lite_instruct\moderate\test_human_eval_132.py:32: AssertionError
=========================== short test summary info ===========================
FAILED user_tests/deepseek_coder_v2_lite_instruct/moderate/test_human_eval_132.py::TestIsNested::test_edge_cases
FAILED user_tests/deepseek_coder_v2_lite_instruct/moderate/test_human_eval_132.py::TestIsNested::test_simple_cases
======================== 2 failed, 37 passed in 0.29s =========================
